0 info it worked if it ends with ok
1 verbose cli [ '/usr/bin/node', '/usr/bin/npm', 'run', 'watch' ]
2 info using npm@4.1.2
3 info using node@v7.5.0
4 verbose run-script [ 'prewatch', 'watch', 'postwatch' ]
5 info lifecycle @~prewatch: @
6 silly lifecycle @~prewatch: no script for prewatch, continuing
7 info lifecycle @~watch: @
8 verbose lifecycle @~watch: unsafe-perm in lifecycle true
9 verbose lifecycle @~watch: PATH: /usr/lib/node_modules/npm/bin/node-gyp-bin:/home/alexeyrudkovskiy/ehospital.dev/node_modules/.bin:/usr/local/bin:/usr/bin:/usr/local/sbin:/usr/sbin:/home/alexeyrudkovskiy/.local/bin:/home/alexeyrudkovskiy/bin
10 verbose lifecycle @~watch: CWD: /home/alexeyrudkovskiy/ehospital.dev
11 silly lifecycle @~watch: Args: [ '-c', 'gulp watch --cwd ./frontend' ]
12 silly lifecycle @~watch: Returned: code: 1  signal: null
13 info lifecycle @~watch: Failed to exec watch script
14 verbose stack Error: @ watch: `gulp watch --cwd ./frontend`
14 verbose stack Exit status 1
14 verbose stack     at EventEmitter.<anonymous> (/usr/lib/node_modules/npm/lib/utils/lifecycle.js:279:16)
14 verbose stack     at emitTwo (events.js:106:13)
14 verbose stack     at EventEmitter.emit (events.js:192:7)
14 verbose stack     at ChildProcess.<anonymous> (/usr/lib/node_modules/npm/lib/utils/spawn.js:40:14)
14 verbose stack     at emitTwo (events.js:106:13)
14 verbose stack     at ChildProcess.emit (events.js:192:7)
14 verbose stack     at maybeClose (internal/child_process.js:890:16)
14 verbose stack     at Process.ChildProcess._handle.onexit (internal/child_process.js:226:5)
15 verbose pkgid @
16 verbose cwd /home/alexeyrudkovskiy/ehospital.dev
17 error Linux 4.8.6-300.fc25.x86_64
18 error argv "/usr/bin/node" "/usr/bin/npm" "run" "watch"
19 error node v7.5.0
20 error npm  v4.1.2
21 error code ELIFECYCLE
22 error @ watch: `gulp watch --cwd ./frontend`
22 error Exit status 1
23 error Failed at the @ watch script 'gulp watch --cwd ./frontend'.
23 error Make sure you have the latest version of node.js and npm installed.
23 error If you do, this is most likely a problem with the  package,
23 error not with npm itself.
23 error Tell the author that this fails on your system:
23 error     gulp watch --cwd ./frontend
23 error You can get information on how to open an issue for this project with:
23 error     npm bugs
23 error Or if that isn't available, you can get their info via:
23 error     npm owner ls
23 error There is likely additional logging output above.
24 verbose exit [ 1, true ]
